<?xml version="1.0" encoding="UTF-8"?>
<!-- Generated by org.testng.reporters.JUnitXMLReporter -->
<testsuite hostname="ATLBLRLP-61" name="Leap Rural Test" tests="72" failures="1" timestamp="15 Jun 2022 09:22:01 GMT" time="11.97" errors="0">
  <testcase name="@AfterMethod CheckDriver" time="0.0" classname="com.leaprural.andriodtests.ISRMobilePrimaryOrder">
    <failure type="java.lang.AssertionError" message="Back button should be displayed expected [true] but found [false]">
      <![CDATA[java.lang.AssertionError: Back button should be displayed expected [true] but found [false]
	at org.testng.Assert.fail(Assert.java:94)
	at org.testng.Assert.failNotEquals(Assert.java:494)
	at org.testng.Assert.assertTrue(Assert.java:42)
	at com.leaprural.business.ApplicationMobile.MobileLogout(ApplicationMobile.java:772)
	at com.leaprural.business.ApplicationMobile.CheckDriver(ApplicationMobile.java:797)
	at sun.reflect.NativeMethodAccessorImpl.invoke0(Native Method)
	at sun.reflect.NativeMethodAccessorImpl.invoke(Unknown Source)
	at sun.reflect.DelegatingMethodAccessorImpl.invoke(Unknown Source)
	at java.lang.reflect.Method.invoke(Unknown Source)
	at org.testng.internal.MethodInvocationHelper.invokeMethod(MethodInvocationHelper.java:80)
	at org.testng.internal.Invoker.invokeConfigurationMethod(Invoker.java:564)
	at org.testng.internal.Invoker.invokeConfigurations(Invoker.java:213)
	at org.testng.internal.Invoker.invokeMethod(Invoker.java:786)
	at org.testng.internal.Invoker.invokeTestMethod(Invoker.java:901)
	at org.testng.internal.Invoker.invokeTestMethods(Invoker.java:1231)
	at org.testng.internal.TestMethodWorker.invokeTestMethods(TestMethodWorker.java:127)
	at org.testng.internal.TestMethodWorker.run(TestMethodWorker.java:111)
	at org.testng.TestRunner.privateRun(TestRunner.java:767)
	at org.testng.TestRunner.run(TestRunner.java:617)
	at org.testng.SuiteRunner.runTest(SuiteRunner.java:334)
	at org.testng.SuiteRunner.runSequentially(SuiteRunner.java:329)
	at org.testng.SuiteRunner.privateRun(SuiteRunner.java:291)
	at org.testng.SuiteRunner.run(SuiteRunner.java:240)
	at org.testng.SuiteRunnerWorker.runSuite(SuiteRunnerWorker.java:52)
	at org.testng.SuiteRunnerWorker.run(SuiteRunnerWorker.java:86)
	at org.testng.TestNG.runSuitesSequentially(TestNG.java:1198)
	at org.testng.TestNG.runSuitesLocally(TestNG.java:1123)
	at org.testng.TestNG.run(TestNG.java:1031)
	at org.testng.remote.AbstractRemoteTestNG.run(AbstractRemoteTestNG.java:115)
	at org.testng.remote.RemoteTestNG.initAndRun(RemoteTestNG.java:251)
	at org.testng.remote.RemoteTestNG.main(RemoteTestNG.java:77)
]]>
    </failure>
  </testcase> <!-- @AfterMethod CheckDriver -->
  <testcase name="@AfterMethod getResult" time="0.0" classname="com.leaprural.andriodtests.ISRMobilePrimaryOrder">
    <skipped/>
  </testcase> <!-- @AfterMethod getResult -->
  <testcase name="@AfterMethod getResult" time="0.0" classname="com.leaprural.purchaseordertests.ISRCreatePrimaryOrderAndConfirmBySUBD">
    <skipped/>
  </testcase> <!-- @AfterMethod getResult -->
  <testcase name="@AfterMethod getResult" time="0.0" classname="com.leaprural.Reports.ClaimWorkingSheetTest">
    <skipped/>
  </testcase> <!-- @AfterMethod getResult -->
  <testcase name="@AfterMethod CheckDriver" time="0.0" classname="com.leaprural.andriodtests.SUBDMobilePrimaryReturns">
    <skipped/>
  </testcase> <!-- @AfterMethod CheckDriver -->
  <testcase name="@AfterMethod getResult" time="0.0" classname="com.leaprural.andriodtests.SUBDMobilePrimaryReturns">
    <skipped/>
  </testcase> <!-- @AfterMethod getResult -->
  <testcase name="@AfterMethod getResult" time="0.0" classname="com.leaprural.salesordertests.SecondaryDispatchandBillingValidationTest">
    <skipped/>
  </testcase> <!-- @AfterMethod getResult -->
  <testcase name="@AfterMethod getResult" time="0.0" classname="com.leaprural.salesordertests.SecondaryDispatchandBillingValidationTest">
    <skipped/>
  </testcase> <!-- @AfterMethod getResult -->
  <testcase name="@AfterMethod getResult" time="0.0" classname="com.leaprural.salesordertests.SecondaryDispatchandBillingValidationTest">
    <skipped/>
  </testcase> <!-- @AfterMethod getResult -->
  <testcase name="@AfterMethod getResult" time="0.0" classname="com.leaprural.salesordertests.SecondaryDispatchandBillingValidationTest">
    <skipped/>
  </testcase> <!-- @AfterMethod getResult -->
  <testcase name="@AfterMethod getResult" time="0.0" classname="com.leaprural.salesordertests.SecondaryDispatchandBillingValidationTest">
    <skipped/>
  </testcase> <!-- @AfterMethod getResult -->
  <testcase name="@AfterMethod getResult" time="0.0" classname="com.leaprural.Reports.DetailedSalesRegisterGSTTest">
    <skipped/>
  </testcase> <!-- @AfterMethod getResult -->
  <testcase name="@AfterMethod CheckDriver" time="0.0" classname="com.leaprural.andriodtests.SUBDMobilePrimaryOrder">
    <skipped/>
  </testcase> <!-- @AfterMethod CheckDriver -->
  <testcase name="@AfterMethod getResult" time="0.0" classname="com.leaprural.andriodtests.SUBDMobilePrimaryOrder">
    <skipped/>
  </testcase> <!-- @AfterMethod getResult -->
  <testcase name="@AfterMethod getResult" time="0.0" classname="com.leaprural.PrimaryReturnsTest.ValidatePrimaryReturnsTest">
    <skipped/>
  </testcase> <!-- @AfterMethod getResult -->
  <testcase name="@AfterMethod getResult" time="0.0" classname="com.leaprural.Reports.PurchaseRegisterGSTTest">
    <skipped/>
  </testcase> <!-- @AfterMethod getResult -->
  <testcase name="@AfterMethod CheckDriver" time="0.0" classname="com.leaprural.andriodtests.SUBDMobilePrimaryOrder">
    <skipped/>
  </testcase> <!-- @AfterMethod CheckDriver -->
  <testcase name="@AfterMethod getResult" time="0.0" classname="com.leaprural.andriodtests.SUBDMobilePrimaryOrder">
    <skipped/>
  </testcase> <!-- @AfterMethod getResult -->
  <testcase name="@AfterMethod CheckDriver" time="0.0" classname="com.leaprural.andriodtests.SUBDMobileStockMenu">
    <skipped/>
  </testcase> <!-- @AfterMethod CheckDriver -->
  <testcase name="@AfterMethod getResult" time="0.0" classname="com.leaprural.andriodtests.SUBDMobileStockMenu">
    <skipped/>
  </testcase> <!-- @AfterMethod getResult -->
  <testcase name="@AfterMethod getResult" time="0.0" classname="com.leaprural.claimstest.ClaimsValidationTest">
    <skipped/>
  </testcase> <!-- @AfterMethod getResult -->
  <testcase name="@AfterMethod getResult" time="0.0" classname="com.leaprural.claimstest.ClaimsValidationTest">
    <skipped/>
  </testcase> <!-- @AfterMethod getResult -->
  <testcase name="@AfterMethod getResult" time="0.0" classname="com.leaprural.Reports.RetailerReportTest">
    <skipped/>
  </testcase> <!-- @AfterMethod getResult -->
  <testcase name="@AfterMethod CheckDriver" time="0.0" classname="com.leaprural.andriodtests.SUBDMobileStockMenu">
    <skipped/>
  </testcase> <!-- @AfterMethod CheckDriver -->
  <testcase name="@AfterMethod getResult" time="0.0" classname="com.leaprural.andriodtests.SUBDMobileStockMenu">
    <skipped/>
  </testcase> <!-- @AfterMethod getResult -->
  <testcase name="@AfterMethod CheckDriver" time="0.0" classname="com.leaprural.andriodtests.SUBDMobileStockMenu">
    <skipped/>
  </testcase> <!-- @AfterMethod CheckDriver -->
  <testcase name="@AfterMethod getResult" time="0.0" classname="com.leaprural.andriodtests.SUBDMobileStockMenu">
    <skipped/>
  </testcase> <!-- @AfterMethod getResult -->
  <testcase name="@AfterMethod getResult" time="0.0" classname="com.leaprural.homepagedashboardtests.ValidateDashboardTest">
    <skipped/>
  </testcase> <!-- @AfterMethod getResult -->
  <testcase name="@AfterMethod getResult" time="0.0" classname="com.leaprural.Reports.SalesReturnSummaryTest">
    <skipped/>
  </testcase> <!-- @AfterMethod getResult -->
  <testcase name="@AfterMethod CheckDriver" time="0.0" classname="com.leaprural.andriodtests.SUBDMobileRetailersInfoMenu">
    <skipped/>
  </testcase> <!-- @AfterMethod CheckDriver -->
  <testcase name="@AfterMethod getResult" time="0.0" classname="com.leaprural.andriodtests.SUBDMobileRetailersInfoMenu">
    <skipped/>
  </testcase> <!-- @AfterMethod getResult -->
  <testcase name="@AfterMethod CheckDriver" time="0.0" classname="com.leaprural.andriodtests.SUBDMobileRetailersInfoMenu">
    <skipped/>
  </testcase> <!-- @AfterMethod CheckDriver -->
  <testcase name="@AfterMethod getResult" time="0.0" classname="com.leaprural.andriodtests.SUBDMobileRetailersInfoMenu">
    <skipped/>
  </testcase> <!-- @AfterMethod getResult -->
  <testcase name="@AfterMethod CheckDriver" time="0.0" classname="com.leaprural.andriodtests.SUBDMobileSchemesMenu">
    <skipped/>
  </testcase> <!-- @AfterMethod CheckDriver -->
  <testcase name="@AfterMethod getResult" time="0.0" classname="com.leaprural.andriodtests.SUBDMobileSchemesMenu">
    <skipped/>
  </testcase> <!-- @AfterMethod getResult -->
  <testcase name="@AfterMethod getResult" time="0.0" classname="com.leaprural.stocktests.StockAnalysisReportTest">
    <skipped/>
  </testcase> <!-- @AfterMethod getResult -->
  <testcase name="@AfterMethod getResult" time="0.0" classname="com.leaprural.Reports.SummarySalesRegisterGSTTest">
    <skipped/>
  </testcase> <!-- @AfterMethod getResult -->
  <testcase name="@AfterMethod CheckDriver" time="0.0" classname="com.leaprural.andriodtests.SUBDMobileSchemesMenu">
    <skipped/>
  </testcase> <!-- @AfterMethod CheckDriver -->
  <testcase name="@AfterMethod getResult" time="0.0" classname="com.leaprural.andriodtests.SUBDMobileSchemesMenu">
    <skipped/>
  </testcase> <!-- @AfterMethod getResult -->
  <testcase name="@AfterMethod CheckDriver" time="0.0" classname="com.leaprural.andriodtests.SUBDMobileUserActivitiesMenu">
    <skipped/>
  </testcase> <!-- @AfterMethod CheckDriver -->
  <testcase name="@AfterMethod getResult" time="0.0" classname="com.leaprural.andriodtests.SUBDMobileUserActivitiesMenu">
    <skipped/>
  </testcase> <!-- @AfterMethod getResult -->
  <testcase name="@AfterMethod getResult" time="0.0" classname="com.leaprural.stocktests.StockLedgerTest">
    <skipped/>
  </testcase> <!-- @AfterMethod getResult -->
  <testcase name="@AfterMethod getResult" time="0.0" classname="com.leaprural.stocktests.StockLedgerTest">
    <skipped/>
  </testcase> <!-- @AfterMethod getResult -->
  <testcase name="@AfterMethod CheckDriver" time="0.0" classname="com.leaprural.andriodtests.SUBDMobileUserActivitiesMenu">
    <skipped/>
  </testcase> <!-- @AfterMethod CheckDriver -->
  <testcase name="@AfterMethod getResult" time="0.0" classname="com.leaprural.andriodtests.SUBDMobileUserActivitiesMenu">
    <skipped/>
  </testcase> <!-- @AfterMethod getResult -->
  <testcase name="@AfterMethod CheckDriver" time="0.0" classname="com.leaprural.andriodtests.SUBDMobileUserActivitiesMenu">
    <skipped/>
  </testcase> <!-- @AfterMethod CheckDriver -->
  <testcase name="@AfterMethod getResult" time="0.0" classname="com.leaprural.andriodtests.SUBDMobileUserActivitiesMenu">
    <skipped/>
  </testcase> <!-- @AfterMethod getResult -->
  <testcase name="@AfterMethod CheckDriver" time="0.0" classname="com.leaprural.andriodtests.SUBDMobileUserActivitiesMenu">
    <skipped/>
  </testcase> <!-- @AfterMethod CheckDriver -->
  <testcase name="@AfterMethod getResult" time="0.0" classname="com.leaprural.andriodtests.SUBDMobileUserActivitiesMenu">
    <skipped/>
  </testcase> <!-- @AfterMethod getResult -->
  <testcase name="@AfterMethod getResult" time="0.0" classname="com.leaprural.salesordertests.InvoiceCancellationValidationsTest">
    <skipped/>
  </testcase> <!-- @AfterMethod getResult -->
  <testcase name="@AfterMethod getResult" time="0.0" classname="com.leaprural.salesordertests.InvoiceCancellationValidationsTest">
    <skipped/>
  </testcase> <!-- @AfterMethod getResult -->
  <testcase name="@AfterMethod getResult" time="0.0" classname="com.leaprural.salesordertests.InvoiceCancellationValidationsTest">
    <skipped/>
  </testcase> <!-- @AfterMethod getResult -->
  <testcase name="@AfterMethod getResult" time="0.0" classname="com.leaprural.stocktests.StockSummaryTest">
    <skipped/>
  </testcase> <!-- @AfterMethod getResult -->
  <testcase name="@AfterMethod getResult" time="0.0" classname="com.leaprural.stocktests.StockSummaryTest">
    <skipped/>
  </testcase> <!-- @AfterMethod getResult -->
  <testcase name="@AfterMethod getResult" time="0.0" classname="com.leaprural.stocktests.StockSummaryTest">
    <skipped/>
  </testcase> <!-- @AfterMethod getResult -->
  <testcase name="@AfterMethod getResult" time="0.0" classname="com.leaprural.GRNTest.GoodReceiptNoteTest">
    <skipped/>
  </testcase> <!-- @AfterMethod getResult -->
  <testcase name="@AfterMethod getResult" time="0.0" classname="com.leaprural.GRNTest.GoodReceiptNoteTest">
    <skipped/>
  </testcase> <!-- @AfterMethod getResult -->
  <testcase name="@AfterMethod getResult" time="0.0" classname="com.leaprural.stocktests.SubDStockTransfer">
    <skipped/>
  </testcase> <!-- @AfterMethod getResult -->
  <testcase name="@AfterMethod getResult" time="0.0" classname="com.leaprural.stocktests.SubDStockTransfer">
    <skipped/>
  </testcase> <!-- @AfterMethod getResult -->
  <testcase name="@AfterMethod getResult" time="0.0" classname="com.leaprural.purchaseordertests.PurchaseOrderExceluploadTest">
    <skipped/>
  </testcase> <!-- @AfterMethod getResult -->
  <testcase name="@AfterMethod getResult" time="0.0" classname="com.leaprural.purchaseordertests.PurchaseOrderExceluploadTest">
    <skipped/>
  </testcase> <!-- @AfterMethod getResult -->
  <testcase name="@AfterMethod getResult" time="0.0" classname="com.leaprural.purchaseordertests.PurchaseOrderExceluploadTest">
    <skipped/>
  </testcase> <!-- @AfterMethod getResult -->
  <testcase name="@AfterMethod getResult" time="0.0" classname="com.leaprural.purchaseordertests.PurchaseOrderExceluploadTest">
    <skipped/>
  </testcase> <!-- @AfterMethod getResult -->
  <testcase name="@AfterMethod getResult" time="0.0" classname="com.leaprural.SecondaySalesReturnTest.SecondarySalesReturnConfirmTest">
    <skipped/>
  </testcase> <!-- @AfterMethod getResult -->
  <testcase name="@AfterMethod getResult" time="0.0" classname="com.leaprural.SecondaySalesReturnTest.SecondarySalesReturnConfirmTest">
    <skipped/>
  </testcase> <!-- @AfterMethod getResult -->
  <testcase name="@AfterMethod getResult" time="0.0" classname="com.leaprural.purchaseordertests.VerifyOrderStatusValues">
    <skipped/>
  </testcase> <!-- @AfterMethod getResult -->
  <testcase name="@AfterMethod getResult" time="0.0" classname="com.leaprural.SecondaySalesReturnTest.SecondarySalesReturnExcelUploadTest">
    <skipped/>
  </testcase> <!-- @AfterMethod getResult -->
  <testcase name="@AfterMethod getResult" time="0.0" classname="com.leaprural.SecondaySalesReturnTest.SecondarySalesReturnExcelUploadTest">
    <skipped/>
  </testcase> <!-- @AfterMethod getResult -->
  <testcase name="@AfterMethod getResult" time="0.0" classname="com.leaprural.salesordertests.CashOrderTest">
    <skipped/>
  </testcase> <!-- @AfterMethod getResult -->
  <testcase name="@AfterMethod getResult" time="0.0" classname="com.leaprural.salesordertests.CashOrderTest">
    <skipped/>
  </testcase> <!-- @AfterMethod getResult -->
  <testcase name="@AfterMethod getResult" time="0.0" classname="com.leaprural.salesordertests.CashOrderTest">
    <skipped/>
  </testcase> <!-- @AfterMethod getResult -->
  <testcase name="@AfterMethod getResult" time="0.0" classname="com.leaprural.salesordertests.CashOrderTest">
    <skipped/>
  </testcase> <!-- @AfterMethod getResult -->
  <testcase name="@AfterMethod getResult" time="0.0" classname="com.leaprural.salesordertests.CashOrderTest">
    <skipped/>
  </testcase> <!-- @AfterMethod getResult -->
  <testcase name="@AfterMethod getResult" time="0.0" classname="com.leaprural.SecondaySalesReturnTest.SecondarySalesReturnTest">
    <skipped/>
  </testcase> <!-- @AfterMethod getResult -->
  <testcase name="@AfterMethod getResult" time="0.0" classname="com.leaprural.SecondaySalesReturnTest.SecondarySalesReturnTest">
    <skipped/>
  </testcase> <!-- @AfterMethod getResult -->
  <testcase name="@AfterMethod getResult" time="0.0" classname="com.leaprural.salesordertests.CashOrderForProductsConfiguredWithStandradPackSize">
    <skipped/>
  </testcase> <!-- @AfterMethod getResult -->
  <testcase name="@AfterMethod getResult" time="0.0" classname="com.leaprural.salesordertests.CashOrderForProductsConfiguredWithStandradPackSize">
    <skipped/>
  </testcase> <!-- @AfterMethod getResult -->
  <testcase name="@AfterMethod getResult" time="0.0" classname="com.leaprural.salesordertests.CashOrderForProductsConfiguredWithStandradPackSize">
    <skipped/>
  </testcase> <!-- @AfterMethod getResult -->
  <testcase name="@AfterMethod getResult" time="0.0" classname="com.leaprural.salesordertests.CashOrderForProductsConfiguredWithStandradPackSize">
    <skipped/>
  </testcase> <!-- @AfterMethod getResult -->
  <testcase name="@AfterMethod getResult" time="0.0" classname="com.leaprural.salesordertests.CashOrderForProductsConfiguredWithStandradPackSize">
    <skipped/>
  </testcase> <!-- @AfterMethod getResult -->
  <testcase name="@AfterMethod getResult" time="0.0" classname="com.leaprural.purchaseordertests.PurchaseOrderCreationBySUBDandApprovalByISR">
    <skipped/>
  </testcase> <!-- @AfterMethod getResult -->
  <testcase name="@AfterMethod getResult" time="0.0" classname="com.leaprural.salesordertests.CashOrderPreviewPageDetailsTest">
    <skipped/>
  </testcase> <!-- @AfterMethod getResult -->
  <testcase name="@AfterMethod getResult" time="0.0" classname="com.leaprural.salesordertests.CashOrderPreviewPageDetailsTest">
    <skipped/>
  </testcase> <!-- @AfterMethod getResult -->
  <testcase name="@AfterMethod getResult" time="0.0" classname="com.leaprural.salesordertests.CashOrderPreviewPageDetailsTest">
    <skipped/>
  </testcase> <!-- @AfterMethod getResult -->
  <testcase name="@AfterMethod getResult" time="0.0" classname="com.leaprural.salesordertests.DeliveryConfirmationTest">
    <skipped/>
  </testcase> <!-- @AfterMethod getResult -->
  <testcase name="@AfterMethod getResult" time="0.0" classname="com.leaprural.salesordertests.DeliveryConfirmationTest">
    <skipped/>
  </testcase> <!-- @AfterMethod getResult -->
  <testcase name="@AfterMethod getResult" time="0.0" classname="com.leaprural.salesordertests.DeliveryConfirmationTest">
    <skipped/>
  </testcase> <!-- @AfterMethod getResult -->
  <testcase name="@AfterTest logOut" time="0.0" classname="com.leaprural.purchaseordertests.PurchaseOrderExceluploadTest">
    <skipped/>
  </testcase> <!-- @AfterTest logOut -->
  <testcase name="@AfterTest endReport" time="0.0" classname="com.leaprural.purchaseordertests.PurchaseOrderExceluploadTest">
    <skipped/>
  </testcase> <!-- @AfterTest endReport -->
  <testcase name="ISRMobilePrimaryOrderCreation" time="2.11" classname="com.leaprural.andriodtests.ISRMobilePrimaryOrder">
    <failure type="org.openqa.selenium.WebDriverException" message="Connection refused: connect
Build info: version: &amp;apos;3.141.5&amp;apos;, revision: &amp;apos;d54ebd709a&amp;apos;, time: &amp;apos;2018-11-06T11:42:16&amp;apos;
System info: host: &amp;apos;ATLBLRLP-61&amp;apos;, ip: &amp;apos;192.168.1.6&amp;apos;, os.name: &amp;apos;Windows 10&amp;apos;, os.arch: &amp;apos;amd64&amp;apos;, os.version: &amp;apos;10.0&amp;apos;, java.version: &amp;apos;1.8.0_333&amp;apos;
Driver info: driver.version: AndroidDriver">
      <![CDATA[org.openqa.selenium.WebDriverException: Connection refused: connect
Build info: version: '3.141.5', revision: 'd54ebd709a', time: '2018-11-06T11:42:16'
System info: host: 'ATLBLRLP-61', ip: '192.168.1.6', os.name: 'Windows 10', os.arch: 'amd64', os.version: '10.0', java.version: '1.8.0_333'
Driver info: driver.version: AndroidDriver
	at io.appium.java_client.remote.AppiumCommandExecutor.lambda$5(AppiumCommandExecutor.java:251)
	at java.util.Optional.orElseGet(Unknown Source)
	at io.appium.java_client.remote.AppiumCommandExecutor.execute(AppiumCommandExecutor.java:250)
	at org.openqa.selenium.remote.RemoteWebDriver.execute(RemoteWebDriver.java:552)
	at io.appium.java_client.DefaultGenericMobileDriver.execute(DefaultGenericMobileDriver.java:42)
	at io.appium.java_client.AppiumDriver.execute(AppiumDriver.java:1)
	at io.appium.java_client.android.AndroidDriver.execute(AndroidDriver.java:1)
	at org.openqa.selenium.remote.RemoteWebDriver.startSession(RemoteWebDriver.java:213)
	at org.openqa.selenium.remote.RemoteWebDriver.<init>(RemoteWebDriver.java:131)
	at io.appium.java_client.DefaultGenericMobileDriver.<init>(DefaultGenericMobileDriver.java:38)
	at io.appium.java_client.AppiumDriver.<init>(AppiumDriver.java:84)
	at io.appium.java_client.AppiumDriver.<init>(AppiumDriver.java:94)
	at io.appium.java_client.android.AndroidDriver.<init>(AndroidDriver.java:95)
	at com.leaprural.drivers.DriverManager.switchToNextInstance(DriverManager.java:239)
	at com.leaprural.andriodtests.ISRMobilePrimaryOrder.ISRMobilePrimaryOrderCreation(ISRMobilePrimaryOrder.java:14)
	at sun.reflect.NativeMethodAccessorImpl.invoke0(Native Method)
	at sun.reflect.NativeMethodAccessorImpl.invoke(Unknown Source)
	at sun.reflect.DelegatingMethodAccessorImpl.invoke(Unknown Source)
	at java.lang.reflect.Method.invoke(Unknown Source)
	at org.testng.internal.MethodInvocationHelper.invokeMethod(MethodInvocationHelper.java:80)
	at org.testng.internal.Invoker.invokeMethod(Invoker.java:714)
	at org.testng.internal.Invoker.invokeTestMethod(Invoker.java:901)
	at org.testng.internal.Invoker.invokeTestMethods(Invoker.java:1231)
	at org.testng.internal.TestMethodWorker.invokeTestMethods(TestMethodWorker.java:127)
	at org.testng.internal.TestMethodWorker.run(TestMethodWorker.java:111)
	at org.testng.TestRunner.privateRun(TestRunner.java:767)
	at org.testng.TestRunner.run(TestRunner.java:617)
	at org.testng.SuiteRunner.runTest(SuiteRunner.java:334)
	at org.testng.SuiteRunner.runSequentially(SuiteRunner.java:329)
	at org.testng.SuiteRunner.privateRun(SuiteRunner.java:291)
	at org.testng.SuiteRunner.run(SuiteRunner.java:240)
	at org.testng.SuiteRunnerWorker.runSuite(SuiteRunnerWorker.java:52)
	at org.testng.SuiteRunnerWorker.run(SuiteRunnerWorker.java:86)
	at org.testng.TestNG.runSuitesSequentially(TestNG.java:1198)
	at org.testng.TestNG.runSuitesLocally(TestNG.java:1123)
	at org.testng.TestNG.run(TestNG.java:1031)
	at org.testng.remote.AbstractRemoteTestNG.run(AbstractRemoteTestNG.java:115)
	at org.testng.remote.RemoteTestNG.initAndRun(RemoteTestNG.java:251)
	at org.testng.remote.RemoteTestNG.main(RemoteTestNG.java:77)
Caused by: java.net.ConnectException: Connection refused: connect
	at java.net.DualStackPlainSocketImpl.waitForConnect(Native Method)
	at java.net.DualStackPlainSocketImpl.socketConnect(Unknown Source)
	at java.net.AbstractPlainSocketImpl.doConnect(Unknown Source)
	at java.net.AbstractPlainSocketImpl.connectToAddress(Unknown Source)
	at java.net.AbstractPlainSocketImpl.connect(Unknown Source)
	at java.net.PlainSocketImpl.connect(Unknown Source)
	at java.net.SocksSocketImpl.connect(Unknown Source)
	at java.net.Socket.connect(Unknown Source)
	at okhttp3.internal.platform.Platform.connectSocket(Platform.java:129)
	at okhttp3.internal.connection.RealConnection.connectSocket(RealConnection.java:245)
	at okhttp3.internal.connection.RealConnection.connect(RealConnection.java:165)
	at okhttp3.internal.connection.StreamAllocation.findConnection(StreamAllocation.java:257)
	at okhttp3.internal.connection.StreamAllocation.findHealthyConnection(StreamAllocation.java:135)
	at okhttp3.internal.connection.StreamAllocation.newStream(StreamAllocation.java:114)
	at okhttp3.internal.connection.ConnectInterceptor.intercept(ConnectInterceptor.java:42)
	at okhttp3.internal.http.RealInterceptorChain.proceed(RealInterceptorChain.java:147)
	at okhttp3.internal.http.RealInterceptorChain.proceed(RealInterceptorChain.java:121)
	at okhttp3.internal.cache.CacheInterceptor.intercept(CacheInterceptor.java:93)
	at okhttp3.internal.http.RealInterceptorChain.proceed(RealInterceptorChain.java:147)
	at okhttp3.internal.http.RealInterceptorChain.proceed(RealInterceptorChain.java:121)
	at okhttp3.internal.http.BridgeInterceptor.intercept(BridgeInterceptor.java:93)
	at okhttp3.internal.http.RealInterceptorChain.proceed(RealInterceptorChain.java:147)
	at okhttp3.internal.http.RetryAndFollowUpInterceptor.intercept(RetryAndFollowUpInterceptor.java:126)
	at okhttp3.internal.http.RealInterceptorChain.proceed(RealInterceptorChain.java:147)
	at okhttp3.internal.http.RealInterceptorChain.proceed(RealInterceptorChain.java:121)
	at okhttp3.RealCall.getResponseWithInterceptorChain(RealCall.java:200)
	at okhttp3.RealCall.execute(RealCall.java:77)
	at org.openqa.selenium.remote.internal.OkHttpClient.execute(OkHttpClient.java:103)
	at org.openqa.selenium.remote.ProtocolHandshake.createSession(ProtocolHandshake.java:102)
	at sun.reflect.NativeMethodAccessorImpl.invoke0(Native Method)
	at sun.reflect.NativeMethodAccessorImpl.invoke(Unknown Source)
	at sun.reflect.DelegatingMethodAccessorImpl.invoke(Unknown Source)
	at java.lang.reflect.Method.invoke(Unknown Source)
	at io.appium.java_client.remote.AppiumCommandExecutor$1.createSession(AppiumCommandExecutor.java:186)
	at io.appium.java_client.remote.AppiumCommandExecutor.createSession(AppiumCommandExecutor.java:217)
	at io.appium.java_client.remote.AppiumCommandExecutor.execute(AppiumCommandExecutor.java:239)
	... 36 more
]]>
    </failure>
  </testcase> <!-- ISRMobilePrimaryOrderCreation -->
  <testcase name="ISRpurchaseorderconfirmationbySUBDweb" time="0.002" classname="com.leaprural.purchaseordertests.ISRCreatePrimaryOrderAndConfirmBySUBD">
    <skipped/>
  </testcase> <!-- ISRpurchaseorderconfirmationbySUBDweb -->
  <testcase name="verifyClaimWorkingSheet" time="0.002" classname="com.leaprural.Reports.ClaimWorkingSheetTest">
    <skipped/>
  </testcase> <!-- verifyClaimWorkingSheet -->
  <testcase name="SUBDMobilePrimaryReturnsOrder" time="0.002" classname="com.leaprural.andriodtests.SUBDMobilePrimaryReturns">
    <skipped/>
  </testcase> <!-- SUBDMobilePrimaryReturnsOrder -->
  <testcase name="DeliveryConfirmation" time="0.002" classname="com.leaprural.salesordertests.SecondaryDispatchandBillingValidationTest">
    <skipped/>
  </testcase> <!-- DeliveryConfirmation -->
  <testcase name="PartialOrderDelivery" time="0.014" classname="com.leaprural.salesordertests.SecondaryDispatchandBillingValidationTest">
    <skipped/>
  </testcase> <!-- PartialOrderDelivery -->
  <testcase name="salesOrderCancelOrderButtonTest" time="0.003" classname="com.leaprural.salesordertests.SecondaryDispatchandBillingValidationTest">
    <skipped/>
  </testcase> <!-- salesOrderCancelOrderButtonTest -->
  <testcase name="salesOrderCancelOrderDropdownTest" time="0.001" classname="com.leaprural.salesordertests.SecondaryDispatchandBillingValidationTest">
    <skipped/>
  </testcase> <!-- salesOrderCancelOrderDropdownTest -->
  <testcase name="secondaryDespatchPageUIValidationTest" time="0.002" classname="com.leaprural.salesordertests.SecondaryDispatchandBillingValidationTest">
    <skipped/>
  </testcase> <!-- secondaryDespatchPageUIValidationTest -->
  <testcase name="verifyDetailedSalesRegisterGST" time="0.002" classname="com.leaprural.Reports.DetailedSalesRegisterGSTTest">
    <skipped/>
  </testcase> <!-- verifyDetailedSalesRegisterGST -->
  <testcase name="SUBDMobileCreatePrimaryOrder" time="0.002" classname="com.leaprural.andriodtests.SUBDMobilePrimaryOrder">
    <skipped/>
  </testcase> <!-- SUBDMobileCreatePrimaryOrder -->
  <testcase name="CreatePrimaryReturnAndApproveBySS" time="0.001" classname="com.leaprural.PrimaryReturnsTest.ValidatePrimaryReturnsTest">
    <skipped/>
  </testcase> <!-- CreatePrimaryReturnAndApproveBySS -->
  <testcase name="verifyPurchaseRegisterGSTMenu" time="0.001" classname="com.leaprural.Reports.PurchaseRegisterGSTTest">
    <skipped/>
  </testcase> <!-- verifyPurchaseRegisterGSTMenu -->
  <testcase name="ConfirmPrimaryOrderFromISR" time="0.001" classname="com.leaprural.andriodtests.SUBDMobilePrimaryOrder">
    <skipped/>
  </testcase> <!-- ConfirmPrimaryOrderFromISR -->
  <testcase name="SUBDMobileStockSummaryTest" time="0.001" classname="com.leaprural.andriodtests.SUBDMobileStockMenu">
    <skipped/>
  </testcase> <!-- SUBDMobileStockSummaryTest -->
  <testcase name="claimspageexceldatavalidations" time="0.001" classname="com.leaprural.claimstest.ClaimsValidationTest">
    <skipped/>
  </testcase> <!-- claimspageexceldatavalidations -->
  <testcase name="claimspagevalidations" time="0.001" classname="com.leaprural.claimstest.ClaimsValidationTest">
    <skipped/>
  </testcase> <!-- claimspagevalidations -->
  <testcase name="verifyRetailerReportMenu" time="0.001" classname="com.leaprural.Reports.RetailerReportTest">
    <skipped/>
  </testcase> <!-- verifyRetailerReportMenu -->
  <testcase name="SUBDMobileStockLedgerTest" time="0.001" classname="com.leaprural.andriodtests.SUBDMobileStockMenu">
    <skipped/>
  </testcase> <!-- SUBDMobileStockLedgerTest -->
  <testcase name="SUBDMobileStockSyncTest" time="0.002" classname="com.leaprural.andriodtests.SUBDMobileStockMenu">
    <skipped/>
  </testcase> <!-- SUBDMobileStockSyncTest -->
  <testcase name="dashboardFieldValid" time="0.002" classname="com.leaprural.homepagedashboardtests.ValidateDashboardTest">
    <skipped/>
  </testcase> <!-- dashboardFieldValid -->
  <testcase name="verifySalesReturnSummaryMenu" time="0.001" classname="com.leaprural.Reports.SalesReturnSummaryTest">
    <skipped/>
  </testcase> <!-- verifySalesReturnSummaryMenu -->
  <testcase name="SUBDMobileRetailersInfoTestTest" time="0.001" classname="com.leaprural.andriodtests.SUBDMobileRetailersInfoMenu">
    <skipped/>
  </testcase> <!-- SUBDMobileRetailersInfoTestTest -->
  <testcase name="SUBDMobileRetailersInfo_SyncTest" time="0.001" classname="com.leaprural.andriodtests.SUBDMobileRetailersInfoMenu">
    <skipped/>
  </testcase> <!-- SUBDMobileRetailersInfo_SyncTest -->
  <testcase name="SUBDMobileSchemesTest" time="0.001" classname="com.leaprural.andriodtests.SUBDMobileSchemesMenu">
    <skipped/>
  </testcase> <!-- SUBDMobileSchemesTest -->
  <testcase name="StockAnalysis" time="0.002" classname="com.leaprural.stocktests.StockAnalysisReportTest">
    <skipped/>
  </testcase> <!-- StockAnalysis -->
  <testcase name="verifySalesRegisterGSTMenu" time="0.001" classname="com.leaprural.Reports.SummarySalesRegisterGSTTest">
    <skipped/>
  </testcase> <!-- verifySalesRegisterGSTMenu -->
  <testcase name="SUBDMobileSchemes_SyncTest" time="0.001" classname="com.leaprural.andriodtests.SUBDMobileSchemesMenu">
    <skipped/>
  </testcase> <!-- SUBDMobileSchemes_SyncTest -->
  <testcase name="SUBDMobileUserActivities_ProfileTest" time="0.002" classname="com.leaprural.andriodtests.SUBDMobileUserActivitiesMenu">
    <skipped/>
  </testcase> <!-- SUBDMobileUserActivities_ProfileTest -->
  <testcase name="StockLedgerDownloadAndValidate" time="0.003" classname="com.leaprural.stocktests.StockLedgerTest">
    <skipped/>
  </testcase> <!-- StockLedgerDownloadAndValidate -->
  <testcase name="StockLedgerPageFieldsvalidationTest" time="0.001" classname="com.leaprural.stocktests.StockLedgerTest">
    <skipped/>
  </testcase> <!-- StockLedgerPageFieldsvalidationTest -->
  <testcase name="SUBDMobileUserActivities_FeedbackTest" time="0.001" classname="com.leaprural.andriodtests.SUBDMobileUserActivitiesMenu">
    <skipped/>
  </testcase> <!-- SUBDMobileUserActivities_FeedbackTest -->
  <testcase name="SUBDMobileUserActivities_SupportTest" time="0.001" classname="com.leaprural.andriodtests.SUBDMobileUserActivitiesMenu">
    <skipped/>
  </testcase> <!-- SUBDMobileUserActivities_SupportTest -->
  <testcase name="SUBDMobileUserActivities_InfoTest" time="0.001" classname="com.leaprural.andriodtests.SUBDMobileUserActivitiesMenu">
    <skipped/>
  </testcase> <!-- SUBDMobileUserActivities_InfoTest -->
  <testcase name="CancelInvoiceForFullyDeliveredOrder" time="0.001" classname="com.leaprural.salesordertests.InvoiceCancellationValidationsTest">
    <skipped/>
  </testcase> <!-- CancelInvoiceForFullyDeliveredOrder -->
  <testcase name="CancelInvoiceForPartialDeliveredOrder" time="0.001" classname="com.leaprural.salesordertests.InvoiceCancellationValidationsTest">
    <skipped/>
  </testcase> <!-- CancelInvoiceForPartialDeliveredOrder -->
  <testcase name="ValidateInvoiceCancellation" time="0.003" classname="com.leaprural.salesordertests.InvoiceCancellationValidationsTest">
    <skipped/>
  </testcase> <!-- ValidateInvoiceCancellation -->
  <testcase name="ValidateSearchWithProductID" time="0.001" classname="com.leaprural.stocktests.StockSummaryTest">
    <skipped/>
  </testcase> <!-- ValidateSearchWithProductID -->
  <testcase name="ValidateSearchWithProductName" time="0.0" classname="com.leaprural.stocktests.StockSummaryTest">
    <skipped/>
  </testcase> <!-- ValidateSearchWithProductName -->
  <testcase name="VerifyStockorderdetailspage" time="0.001" classname="com.leaprural.stocktests.StockSummaryTest">
    <skipped/>
  </testcase> <!-- VerifyStockorderdetailspage -->
  <testcase name="CreateGRN" time="0.0" classname="com.leaprural.GRNTest.GoodReceiptNoteTest">
    <skipped/>
  </testcase> <!-- CreateGRN -->
  <testcase name="GRNPageFieldsValidationTest" time="0.001" classname="com.leaprural.GRNTest.GoodReceiptNoteTest">
    <skipped/>
  </testcase> <!-- GRNPageFieldsValidationTest -->
  <testcase name="StockTransferApprovedBySalesOfficer" time="0.001" classname="com.leaprural.stocktests.SubDStockTransfer">
    <skipped/>
  </testcase> <!-- StockTransferApprovedBySalesOfficer -->
  <testcase name="StockTransferCancelInvoice" time="0.001" classname="com.leaprural.stocktests.SubDStockTransfer">
    <skipped/>
  </testcase> <!-- StockTransferCancelInvoice -->
  <testcase name="DeleteProductsInPrimaryOrderExcelUpload" time="0.001" classname="com.leaprural.purchaseordertests.PurchaseOrderExceluploadTest">
    <skipped/>
  </testcase> <!-- DeleteProductsInPrimaryOrderExcelUpload -->
  <testcase name="PrimaryOrderExcelDownloadAndValidateFields" time="0.001" classname="com.leaprural.purchaseordertests.PurchaseOrderExceluploadTest">
    <skipped/>
  </testcase> <!-- PrimaryOrderExcelDownloadAndValidateFields -->
  <testcase name="PrimaryOrderExcelUpload" time="0.002" classname="com.leaprural.purchaseordertests.PurchaseOrderExceluploadTest">
    <skipped/>
  </testcase> <!-- PrimaryOrderExcelUpload -->
  <testcase name="ValidateGSTInfolink" time="0.001" classname="com.leaprural.purchaseordertests.PurchaseOrderExceluploadTest">
    <skipped/>
  </testcase> <!-- ValidateGSTInfolink -->
  <testcase name="SecondarySalesReturnConfirmPageFields" time="0.001" classname="com.leaprural.SecondaySalesReturnTest.SecondarySalesReturnConfirmTest">
    <skipped/>
  </testcase> <!-- SecondarySalesReturnConfirmPageFields -->
  <testcase name="SecondarySalesReturnConfirmPageSearch" time="0.001" classname="com.leaprural.SecondaySalesReturnTest.SecondarySalesReturnConfirmTest">
    <skipped/>
  </testcase> <!-- SecondarySalesReturnConfirmPageSearch -->
  <testcase name="verifyOderStatusFieldValues" time="0.002" classname="com.leaprural.purchaseordertests.VerifyOrderStatusValues">
    <skipped/>
  </testcase> <!-- verifyOderStatusFieldValues -->
  <testcase name="SecondarySalesReturnExcelUploadPageFieldValidation" time="0.001" classname="com.leaprural.SecondaySalesReturnTest.SecondarySalesReturnExcelUploadTest">
    <skipped/>
  </testcase> <!-- SecondarySalesReturnExcelUploadPageFieldValidation -->
  <testcase name="SecondarySalesReturnExcelUpload" time="0.001" classname="com.leaprural.SecondaySalesReturnTest.SecondarySalesReturnExcelUploadTest">
    <skipped/>
  </testcase> <!-- SecondarySalesReturnExcelUpload -->
  <testcase name="VerifyActiveRetailersListAscendingOrder" time="0.0" classname="com.leaprural.salesordertests.CashOrderTest">
    <skipped/>
  </testcase> <!-- VerifyActiveRetailersListAscendingOrder -->
  <testcase name="VerifyTheCashorderPageDetails" time="0.001" classname="com.leaprural.salesordertests.CashOrderTest">
    <skipped/>
  </testcase> <!-- VerifyTheCashorderPageDetails -->
  <testcase name="VerifyTheCashorderPageDetailsQtyValidation" time="0.005" classname="com.leaprural.salesordertests.CashOrderTest">
    <skipped/>
  </testcase> <!-- VerifyTheCashorderPageDetailsQtyValidation -->
  <testcase name="VerifyTheRetailerPageDetails" time="0.001" classname="com.leaprural.salesordertests.CashOrderTest">
    <skipped/>
  </testcase> <!-- VerifyTheRetailerPageDetails -->
  <testcase name="VerifyTheRetailersListDetails" time="0.004" classname="com.leaprural.salesordertests.CashOrderTest">
    <skipped/>
  </testcase> <!-- VerifyTheRetailersListDetails -->
  <testcase name="SecondarySalesReturnAndConfirmTest" time="0.001" classname="com.leaprural.SecondaySalesReturnTest.SecondarySalesReturnTest">
    <skipped/>
  </testcase> <!-- SecondarySalesReturnAndConfirmTest -->
  <testcase name="SecondarySalesReturnPageValidationTest" time="0.001" classname="com.leaprural.SecondaySalesReturnTest.SecondarySalesReturnTest">
    <skipped/>
  </testcase> <!-- SecondarySalesReturnPageValidationTest -->
  <testcase name="ValidatemultipleMRPproducts" time="0.0" classname="com.leaprural.salesordertests.CashOrderForProductsConfiguredWithStandradPackSize">
    <skipped/>
  </testcase> <!-- ValidatemultipleMRPproducts -->
  <testcase name="VerifyCashOrderForStandradPackSizeProducts" time="0.001" classname="com.leaprural.salesordertests.CashOrderForProductsConfiguredWithStandradPackSize">
    <skipped/>
  </testcase> <!-- VerifyCashOrderForStandradPackSizeProducts -->
  <testcase name="VerifyStdPackCashorderPageDetailsQtyValidation" time="0.0" classname="com.leaprural.salesordertests.CashOrderForProductsConfiguredWithStandradPackSize">
    <skipped/>
  </testcase> <!-- VerifyStdPackCashorderPageDetailsQtyValidation -->
  <testcase name="VerifyStdPackInvoiceCancellation" time="0.001" classname="com.leaprural.salesordertests.CashOrderForProductsConfiguredWithStandradPackSize">
    <skipped/>
  </testcase> <!-- VerifyStdPackInvoiceCancellation -->
  <testcase name="VerifyStdPackInvoiceEdit" time="0.0" classname="com.leaprural.salesordertests.CashOrderForProductsConfiguredWithStandradPackSize">
    <skipped/>
  </testcase> <!-- VerifyStdPackInvoiceEdit -->
  <testcase name="CreatePurchaseorderBySUBD" time="0.0" classname="com.leaprural.purchaseordertests.PurchaseOrderCreationBySUBDandApprovalByISR">
    <skipped/>
  </testcase> <!-- CreatePurchaseorderBySUBD -->
  <testcase name="VerifyCashDiscountFieldValidations" time="0.001" classname="com.leaprural.salesordertests.CashOrderPreviewPageDetailsTest">
    <skipped/>
  </testcase> <!-- VerifyCashDiscountFieldValidations -->
  <testcase name="VerifyOrderPagePreviewDetails" time="0.0" classname="com.leaprural.salesordertests.CashOrderPreviewPageDetailsTest">
    <skipped/>
  </testcase> <!-- VerifyOrderPagePreviewDetails -->
  <testcase name="VerifyTheRetailerCreditOrder" time="0.001" classname="com.leaprural.salesordertests.CashOrderPreviewPageDetailsTest">
    <skipped/>
  </testcase> <!-- VerifyTheRetailerCreditOrder -->
  <testcase name="DeliveryConfirmationPageFieldsValidationTest" time="0.001" classname="com.leaprural.salesordertests.DeliveryConfirmationTest">
    <skipped/>
  </testcase> <!-- DeliveryConfirmationPageFieldsValidationTest -->
  <testcase name="DeliveryConfirmationSearchSalesOrderNum" time="0.001" classname="com.leaprural.salesordertests.DeliveryConfirmationTest">
    <skipped/>
  </testcase> <!-- DeliveryConfirmationSearchSalesOrderNum -->
  <testcase name="OrderSearchwithRetailerType" time="0.001" classname="com.leaprural.salesordertests.DeliveryConfirmationTest">
    <skipped/>
  </testcase> <!-- OrderSearchwithRetailerType -->
</testsuite> <!-- Leap Rural Test -->
