<?xml version="1.0" encoding="UTF-8"?>
<!-- Generated by org.testng.reporters.JUnitXMLReporter -->
<testsuite hostname="SSHANMU-IN-LE02" failures="1" tests="1" name="Default test(failed)(failed)(failed)" time="0.558" errors="0" timestamp="7 Jul 2023 04:43:12 GMT">
  <testcase classname="com.qafox.customer.verifyLoginPage" name="verifyNewCustomer" time="0.151">
    <failure type="org.testng.TestNGException" message="
The data provider is trying to pass 2 parameters but the method com.qafox.customer.verifyLoginPage#verifyNewCustomer takes 1">
      <![CDATA[org.testng.TestNGException: 
The data provider is trying to pass 2 parameters but the method com.qafox.customer.verifyLoginPage#verifyNewCustomer takes 1
... Removed 18 stack frames]]>
    </failure>
  </testcase> <!-- verifyNewCustomer -->
</testsuite> <!-- Default test(failed)(failed)(failed) -->
